2024-06-13T13:20:22+00:00 DEBUG tt4b_product_delete: missing access token for tt4b_product_sync
2024-06-13T13:20:22+00:00 DEBUG tt4b_product_delete: missing access token for tt4b_product_sync
2024-06-13T13:20:22+00:00 DEBUG tt4b_product_delete: missing access token for tt4b_product_sync
2024-06-13T13:20:22+00:00 DEBUG tt4b_product_delete: missing access token for tt4b_product_sync
2024-06-13T13:20:22+00:00 DEBUG tt4b_product_delete: missing access token for tt4b_product_sync
2024-06-13T13:20:22+00:00 DEBUG tt4b_product_delete: missing access token for tt4b_product_sync
2024-06-13T13:20:22+00:00 DEBUG tt4b_product_delete: missing access token for tt4b_product_sync
2024-06-13T13:20:22+00:00 DEBUG tt4b_product_delete: missing access token for tt4b_product_sync
2024-06-13T13:20:22+00:00 DEBUG tt4b_product_delete: missing access token for tt4b_product_sync
2024-06-13T13:20:23+00:00 DEBUG tt4b_product_delete: missing access token for tt4b_product_sync
2024-06-13T13:20:23+00:00 DEBUG tt4b_product_delete: missing access token for tt4b_product_sync
2024-06-13T13:20:23+00:00 DEBUG tt4b_product_delete: missing access token for tt4b_product_sync
2024-06-13T13:20:23+00:00 DEBUG tt4b_product_delete: missing access token for tt4b_product_sync
2024-06-13T13:20:23+00:00 DEBUG tt4b_product_delete: missing access token for tt4b_product_sync
2024-06-13T13:20:23+00:00 DEBUG tt4b_product_delete: missing access token for tt4b_product_sync
2024-06-13T13:20:23+00:00 DEBUG tt4b_product_delete: missing access token for tt4b_product_sync
2024-06-13T13:20:24+00:00 DEBUG tt4b_product_delete: missing access token for tt4b_product_sync
2024-06-13T13:20:24+00:00 DEBUG tt4b_product_delete: missing access token for tt4b_product_sync
2024-06-13T13:20:24+00:00 DEBUG tt4b_product_delete: missing access token for tt4b_product_sync
2024-06-13T13:20:24+00:00 DEBUG tt4b_product_delete: missing access token for tt4b_product_sync
2024-06-13T13:24:25+00:00 DEBUG tt4b_product_delete: missing access token for tt4b_product_sync
2024-06-13T13:24:25+00:00 DEBUG tt4b_product_delete: missing access token for tt4b_product_sync
2024-06-13T13:24:25+00:00 DEBUG tt4b_product_delete: missing access token for tt4b_product_sync
2024-06-13T13:24:25+00:00 DEBUG tt4b_product_delete: missing access token for tt4b_product_sync
2024-06-13T13:24:25+00:00 DEBUG tt4b_product_delete: missing access token for tt4b_product_sync
2024-06-13T13:24:25+00:00 DEBUG tt4b_product_delete: missing access token for tt4b_product_sync
2024-06-13T13:24:25+00:00 DEBUG tt4b_product_delete: missing access token for tt4b_product_sync
2024-06-13T13:24:25+00:00 DEBUG tt4b_product_delete: missing access token for tt4b_product_sync
2024-06-13T13:24:25+00:00 DEBUG tt4b_product_delete: missing access token for tt4b_product_sync
2024-06-13T13:24:25+00:00 DEBUG tt4b_product_delete: missing access token for tt4b_product_sync
2024-06-13T13:24:26+00:00 DEBUG tt4b_product_delete: missing access token for tt4b_product_sync
2024-06-13T13:44:33+00:00 DEBUG Tt4b_Pixel_Class::inject_view_content_event: hit ViewContent
2024-06-13T13:44:33+00:00 DEBUG Tt4b_Pixel_Class::inject_view_content_event: Missing option "access_token"
2024-06-13T14:01:05+00:00 DEBUG tt4b_product_delete: missing access token for tt4b_product_sync
2024-06-13T14:01:05+00:00 DEBUG tt4b_product_delete: missing access token for tt4b_product_sync
2024-06-13T14:01:05+00:00 DEBUG tt4b_product_delete: missing access token for tt4b_product_sync
2024-06-13T14:01:05+00:00 DEBUG tt4b_product_delete: missing access token for tt4b_product_sync
2024-06-13T14:01:05+00:00 DEBUG tt4b_product_delete: missing access token for tt4b_product_sync
2024-06-13T14:01:05+00:00 DEBUG tt4b_product_delete: missing access token for tt4b_product_sync
2024-06-13T14:01:06+00:00 DEBUG tt4b_product_delete: missing access token for tt4b_product_sync
2024-06-13T14:01:06+00:00 DEBUG tt4b_product_delete: missing access token for tt4b_product_sync
2024-06-13T14:01:06+00:00 DEBUG tt4b_product_delete: missing access token for tt4b_product_sync
2024-06-13T14:01:06+00:00 DEBUG tt4b_product_delete: missing access token for tt4b_product_sync
2024-06-13T14:01:06+00:00 DEBUG tt4b_product_delete: missing access token for tt4b_product_sync
2024-06-13T14:01:06+00:00 DEBUG tt4b_product_delete: missing access token for tt4b_product_sync
2024-06-13T14:01:06+00:00 DEBUG tt4b_product_delete: missing access token for tt4b_product_sync
2024-06-13T14:01:06+00:00 DEBUG tt4b_product_delete: missing access token for tt4b_product_sync
2024-06-13T14:01:06+00:00 DEBUG tt4b_product_delete: missing access token for tt4b_product_sync
2024-06-13T14:01:39+00:00 DEBUG tt4b_product_delete: missing access token for tt4b_product_sync
2024-06-13T14:01:39+00:00 DEBUG tt4b_product_delete: missing access token for tt4b_product_sync
2024-06-13T14:01:39+00:00 DEBUG tt4b_product_delete: missing access token for tt4b_product_sync
2024-06-13T14:01:39+00:00 DEBUG tt4b_product_delete: missing access token for tt4b_product_sync
2024-06-13T14:01:39+00:00 DEBUG tt4b_product_delete: missing access token for tt4b_product_sync
2024-06-13T14:24:35+00:00 DEBUG Tt4b_Pixel_Class::inject_view_content_event: hit ViewContent
2024-06-13T14:24:35+00:00 DEBUG Tt4b_Pixel_Class::inject_view_content_event: Missing option "access_token"
2024-06-13T14:47:44+00:00 DEBUG Tt4b_Pixel_Class::inject_add_to_cart_event: hit AddToCart
2024-06-13T14:47:44+00:00 DEBUG Tt4b_Pixel_Class::inject_add_to_cart_event: Missing option "access_token"
2024-06-13T14:48:20+00:00 DEBUG Tt4b_Pixel_Class::inject_initiate_checkout_event: hit InitiateCheckout
2024-06-13T14:48:20+00:00 DEBUG Tt4b_Pixel_Class::inject_initiate_checkout_event: Missing option "access_token"
2024-06-13T15:02:37+00:00 DEBUG Tt4b_Pixel_Class::inject_view_content_event: hit ViewContent
2024-06-13T15:02:37+00:00 DEBUG Tt4b_Pixel_Class::inject_view_content_event: Missing option "access_token"
2024-06-13T15:28:21+00:00 DEBUG Tt4b_Pixel_Class::inject_add_to_cart_event: hit AddToCart
2024-06-13T15:28:21+00:00 DEBUG Tt4b_Pixel_Class::inject_add_to_cart_event: Missing option "access_token"
2024-06-13T15:29:01+00:00 DEBUG Tt4b_Pixel_Class::inject_initiate_checkout_event: hit InitiateCheckout
2024-06-13T15:29:01+00:00 DEBUG Tt4b_Pixel_Class::inject_initiate_checkout_event: Missing option "access_token"
2024-06-13T15:30:29+00:00 DEBUG Tt4b_Pixel_Class::inject_view_content_event: hit ViewContent
2024-06-13T15:30:29+00:00 DEBUG Tt4b_Pixel_Class::inject_view_content_event: Missing option "access_token"
2024-06-13T15:32:10+00:00 DEBUG Tt4b_Pixel_Class::inject_view_content_event: hit ViewContent
2024-06-13T15:32:10+00:00 DEBUG Tt4b_Pixel_Class::inject_view_content_event: Missing option "access_token"
2024-06-13T15:32:54+00:00 DEBUG Tt4b_Pixel_Class::inject_view_content_event: hit ViewContent
2024-06-13T15:32:54+00:00 DEBUG Tt4b_Pixel_Class::inject_view_content_event: Missing option "access_token"
2024-06-13T16:16:49+00:00 DEBUG Tt4b_Pixel_Class::inject_view_content_event: hit ViewContent
2024-06-13T16:16:49+00:00 DEBUG Tt4b_Pixel_Class::inject_view_content_event: Missing option "access_token"
2024-06-13T18:28:18+00:00 DEBUG Tt4b_Pixel_Class::inject_add_to_cart_event: hit AddToCart
2024-06-13T18:28:18+00:00 DEBUG Tt4b_Pixel_Class::inject_add_to_cart_event: Missing option "access_token"
